<?xml version="1.0" encoding="utf-8"?><testsuites><testsuite name="pytest" errors="0" failures="1" skipped="0" tests="5" time="0.074" timestamp="2025-02-04T06:50:03.784423+00:00" hostname="jenkins"><testcase classname="test_math_utils" name="test_factorial" time="0.002" /><testcase classname="test_math_utils" name="test_fibonacci" time="0.001" /><testcase classname="test_math_utils" name="test_gcd" time="0.001" /><testcase classname="test_math_utils" name="test_sqrt_newton" time="0.001" /><testcase classname="test_math_utils" name="test_geometric_mean" time="0.002"><failure message="assert 2.993795 == 3.380015&#10; +  where 2.993795 = &lt;function MathUtils.geometric_mean at 0x7f880790aa70&gt;([1, 2, 3, 4, 5, 6])&#10; +    where &lt;function MathUtils.geometric_mean at 0x7f880790aa70&gt; = MathUtils.geometric_mean">test_math_utils.py:37: in test_geometric_mean
    assert MathUtils.geometric_mean(sample_numbers) == 3.380015
E   assert 2.993795 == 3.380015
E    +  where 2.993795 = &lt;function MathUtils.geometric_mean at 0x7f880790aa70&gt;([1, 2, 3, 4, 5, 6])
E    +    where &lt;function MathUtils.geometric_mean at 0x7f880790aa70&gt; = MathUtils.geometric_mean</failure></testcase></testsuite></testsuites>